빌드 시작: 2017-09-11 오후 11:15:00
     1>5 노드의 "C:\Users\USER\Documents\GitHub\Cpp_Class\3_Pointer\3_Pointer.vcxproj" 프로젝트(Build 대상)입니다.
     1>ClCompile:
         C:\Program Files (x86)\Microsoft Visual Studio 12.0\VC\bin\CL.exe /c /ZI /nologo /W3 /WX- /Od /Oy- /D WIN32 /D _DEBUG /D _CONSOLE /D _LIB /D _UNICODE /D UNICODE /Gm /EHsc /RTC1 /MDd /GS /fp:precise /Zc:wchar_t /Zc:forScope /Fo"Debug\\" /Fd"Debug\vc120.pdb" /Gd /TP /analyze- /errorReport:prompt "2차원배열.cpp" "3-10 정수형 2차원 배열.cpp" "3-9 문자열 2차원배열.cpp" "3-1 포인터 변수의 이용.cpp" "3-2 void 포인터 변수.cpp" "3-3 char포인터출력.cpp" "3-4 문자열 개수 출력.cpp" "3-5 배열의 첨자 이용.cpp" "3-6 int형 배열과 포인터.cpp" "3-7 int형 포인터 연산.cpp" "3-8 포인터 연산 우선순위.cpp" "3차원배열.cpp" "char상수포인터.cpp" "int상수포인터.cpp" "배열정렬.cpp"
         배열정렬.cpp
         int상수포인터.cpp
         char상수포인터.cpp
         3차원배열.cpp
         3-8 포인터 연산 우선순위.cpp
         3-7 int형 포인터 연산.cpp
         3-6 int형 배열과 포인터.cpp
         3-5 배열의 첨자 이용.cpp
         3-4 문자열 개수 출력.cpp
         3-3 char포인터출력.cpp
         3-2 void 포인터 변수.cpp
         3-1 포인터 변수의 이용.cpp
         3-9 문자열 2차원배열.cpp
         3-10 정수형 2차원 배열.cpp
         2차원배열.cpp
         코드를 생성하고 있습니다...
       Link:
         C:\Program Files (x86)\Microsoft Visual Studio 12.0\VC\bin\link.exe /ERRORREPORT:PROMPT /OUT:"C:\Users\USER\Documents\GitHub\Cpp_Class\Debug\3_Pointer.exe" /INCREMENTAL /NOLOGO kernel32.lib user32.lib gdi32.lib winspool.lib comdlg32.lib advapi32.lib shell32.lib ole32.lib oleaut32.lib uuid.lib odbc32.lib odbccp32.lib /MANIFEST /MANIFESTUAC:"level='asInvoker' uiAccess='false'" /manifest:embed /DEBUG /PDB:"C:\Users\USER\Documents\GitHub\Cpp_Class\Debug\3_Pointer.pdb" /SUBSYSTEM:CONSOLE /TLBID:1 /DYNAMICBASE /NXCOMPAT /IMPLIB:"C:\Users\USER\Documents\GitHub\Cpp_Class\Debug\3_Pointer.lib" /MACHINE:X86 "Debug\2차원배열.obj"
         "Debug\3-10 정수형 2차원 배열.obj"
         "Debug\3-9 문자열 2차원배열.obj"
         "Debug\3-1 포인터 변수의 이용.obj"
         "Debug\3-2 void 포인터 변수.obj"
         "Debug\3-3 char포인터출력.obj"
         "Debug\3-4 문자열 개수 출력.obj"
         "Debug\3-5 배열의 첨자 이용.obj"
         "Debug\3-6 int형 배열과 포인터.obj"
         "Debug\3-7 int형 포인터 연산.obj"
         "Debug\3-8 포인터 연산 우선순위.obj"
         "Debug\3차원배열.obj"
         "Debug\char상수포인터.obj"
         "Debug\int상수포인터.obj"
         "Debug\배열정렬.obj"
     1>3-9 문자열 2차원배열.obj : error LNK2005: _main이(가) 2차원배열.obj에 이미 정의되어 있습니다.
     1>3-1 포인터 변수의 이용.obj : error LNK2005: _main이(가) 2차원배열.obj에 이미 정의되어 있습니다.
     1>3-2 void 포인터 변수.obj : error LNK2005: _main이(가) 2차원배열.obj에 이미 정의되어 있습니다.
     1>3-3 char포인터출력.obj : error LNK2005: _main이(가) 2차원배열.obj에 이미 정의되어 있습니다.
     1>3-4 문자열 개수 출력.obj : error LNK2005: _main이(가) 2차원배열.obj에 이미 정의되어 있습니다.
     1>3-5 배열의 첨자 이용.obj : error LNK2005: _main이(가) 2차원배열.obj에 이미 정의되어 있습니다.
     1>3-6 int형 배열과 포인터.obj : error LNK2005: _main이(가) 2차원배열.obj에 이미 정의되어 있습니다.
     1>3-7 int형 포인터 연산.obj : error LNK2005: _main이(가) 2차원배열.obj에 이미 정의되어 있습니다.
     1>3-8 포인터 연산 우선순위.obj : error LNK2005: _main이(가) 2차원배열.obj에 이미 정의되어 있습니다.
     1>3차원배열.obj : error LNK2005: _main이(가) 2차원배열.obj에 이미 정의되어 있습니다.
     1>char상수포인터.obj : error LNK2005: _main이(가) 2차원배열.obj에 이미 정의되어 있습니다.
     1>int상수포인터.obj : error LNK2005: _main이(가) 2차원배열.obj에 이미 정의되어 있습니다.
     1>배열정렬.obj : error LNK2005: _main이(가) 2차원배열.obj에 이미 정의되어 있습니다.
     1>C:\Users\USER\Documents\GitHub\Cpp_Class\Debug\3_Pointer.exe : fatal error LNK1169: 여러 번 정의된 기호가 있습니다.
     1>"C:\Users\USER\Documents\GitHub\Cpp_Class\3_Pointer\3_Pointer.vcxproj" 프로젝트를 빌드했습니다(Build 대상). - 실패

빌드하지 못했습니다.

경과 시간: 00:00:08.53
