빌드 시작: 2017-09-11 오후 11:15:05
     1>3 노드의 "C:\Users\USER\Documents\GitHub\Cpp_Class\1_C++Program\1_C++Program.vcxproj" 프로젝트(Build 대상)입니다.
     1>ClCompile:
         C:\Program Files (x86)\Microsoft Visual Studio 12.0\VC\bin\CL.exe /c /ZI /nologo /W3 /WX- /Od /Oy- /D WIN32 /D _DEBUG /D _CONSOLE /D _LIB /D _UNICODE /D UNICODE /Gm /EHsc /RTC1 /MDd /GS /fp:precise /Zc:wchar_t /Zc:forScope /Fo"Debug\\" /Fd"Debug\vc120.pdb" /Gd /TP /analyze- /errorReport:prompt "1-2 객체를 이용한 입력출력.cpp" "1-2 객체를 이용한 출력.cpp" "1-3 입력과 출력.cpp" "namespace 이용한 출력.cpp"
         namespace 이용한 출력.cpp
         1-3 입력과 출력.cpp
         1-2 객체를 이용한 출력.cpp
         1-2 객체를 이용한 입력출력.cpp
         코드를 생성하고 있습니다...
       Link:
         C:\Program Files (x86)\Microsoft Visual Studio 12.0\VC\bin\link.exe /ERRORREPORT:PROMPT /OUT:"C:\Users\USER\Documents\GitHub\Cpp_Class\Debug\1_C++Program.exe" /INCREMENTAL /NOLOGO kernel32.lib user32.lib gdi32.lib winspool.lib comdlg32.lib advapi32.lib shell32.lib ole32.lib oleaut32.lib uuid.lib odbc32.lib odbccp32.lib /MANIFEST /MANIFESTUAC:"level='asInvoker' uiAccess='false'" /manifest:embed /DEBUG /PDB:"C:\Users\USER\Documents\GitHub\Cpp_Class\Debug\1_C++Program.pdb" /SUBSYSTEM:CONSOLE /TLBID:1 /DYNAMICBASE /NXCOMPAT /IMPLIB:"C:\Users\USER\Documents\GitHub\Cpp_Class\Debug\1_C++Program.lib" /MACHINE:X86 "Debug\1-2 객체를 이용한 입력출력.obj"
         "Debug\1-2 객체를 이용한 출력.obj"
         "Debug\1-3 입력과 출력.obj"
         "Debug\namespace 이용한 출력.obj"
     1>1-2 객체를 이용한 출력.obj : error LNK2005: _main이(가) 1-2 객체를 이용한 입력출력.obj에 이미 정의되어 있습니다.
     1>1-3 입력과 출력.obj : error LNK2005: _main이(가) 1-2 객체를 이용한 입력출력.obj에 이미 정의되어 있습니다.
     1>namespace 이용한 출력.obj : error LNK2005: _main이(가) 1-2 객체를 이용한 입력출력.obj에 이미 정의되어 있습니다.
     1>C:\Users\USER\Documents\GitHub\Cpp_Class\Debug\1_C++Program.exe : fatal error LNK1169: 여러 번 정의된 기호가 있습니다.
     1>"C:\Users\USER\Documents\GitHub\Cpp_Class\1_C++Program\1_C++Program.vcxproj" 프로젝트를 빌드했습니다(Build 대상). - 실패

빌드하지 못했습니다.

경과 시간: 00:00:03.76
