빌드 시작: 2017-09-11 오후 11:15:00
     1>2 노드의 "C:\Users\USER\Documents\GitHub\Cpp_Class\2_DataTypeAndVariable\2_DataTypeAndVariable.vcxproj" 프로젝트(Build 대상)입니다.
     1>ClCompile:
         C:\Program Files (x86)\Microsoft Visual Studio 12.0\VC\bin\CL.exe /c /ZI /nologo /W3 /WX- /Od /Oy- /D WIN32 /D _DEBUG /D _CONSOLE /D _LIB /D _UNICODE /D UNICODE /Gm /EHsc /RTC1 /MDd /GS /fp:precise /Zc:wchar_t /Zc:forScope /Fo"Debug\\" /Fd"Debug\vc120.pdb" /Gd /TP /analyze- /errorReport:prompt "2-1 자료형의 크기.cpp" "2-2 자료형의 크기.cpp" "2-3 문자를 숫자로 출력.cpp" "2-4 자료형의 형 변환.cpp" "2-4 자료형의 형 변환Test.cpp" "2-5 지역변수와 전역변수의 사용 예제.cpp" "2-6 정적 변수의 사용.cpp" "2-7 상수 사용 예제.cpp"
         2-7 상수 사용 예제.cpp
         2-6 정적 변수의 사용.cpp
         2-5 지역변수와 전역변수의 사용 예제.cpp
         2-4 자료형의 형 변환Test.cpp
         2-4 자료형의 형 변환.cpp
         2-3 문자를 숫자로 출력.cpp
         2-2 자료형의 크기.cpp
         2-1 자료형의 크기.cpp
         코드를 생성하고 있습니다...
       Link:
         C:\Program Files (x86)\Microsoft Visual Studio 12.0\VC\bin\link.exe /ERRORREPORT:PROMPT /OUT:"C:\Users\USER\Documents\GitHub\Cpp_Class\Debug\2_DataTypeAndVariable.exe" /INCREMENTAL /NOLOGO kernel32.lib user32.lib gdi32.lib winspool.lib comdlg32.lib advapi32.lib shell32.lib ole32.lib oleaut32.lib uuid.lib odbc32.lib odbccp32.lib /MANIFEST /MANIFESTUAC:"level='asInvoker' uiAccess='false'" /manifest:embed /DEBUG /PDB:"C:\Users\USER\Documents\GitHub\Cpp_Class\Debug\2_DataTypeAndVariable.pdb" /SUBSYSTEM:CONSOLE /TLBID:1 /DYNAMICBASE /NXCOMPAT /IMPLIB:"C:\Users\USER\Documents\GitHub\Cpp_Class\Debug\2_DataTypeAndVariable.lib" /MACHINE:X86 "Debug\2-1 자료형의 크기.obj"
         "Debug\2-2 자료형의 크기.obj"
         "Debug\2-3 문자를 숫자로 출력.obj"
         "Debug\2-4 자료형의 형 변환.obj"
         "Debug\2-4 자료형의 형 변환Test.obj"
         "Debug\2-5 지역변수와 전역변수의 사용 예제.obj"
         "Debug\2-6 정적 변수의 사용.obj"
         "Debug\2-7 상수 사용 예제.obj"
     1>2-3 문자를 숫자로 출력.obj : error LNK2005: _main이(가) 2-2 자료형의 크기.obj에 이미 정의되어 있습니다.
     1>2-4 자료형의 형 변환.obj : error LNK2005: _main이(가) 2-2 자료형의 크기.obj에 이미 정의되어 있습니다.
     1>2-4 자료형의 형 변환Test.obj : error LNK2005: _main이(가) 2-2 자료형의 크기.obj에 이미 정의되어 있습니다.
     1>2-5 지역변수와 전역변수의 사용 예제.obj : error LNK2005: _main이(가) 2-2 자료형의 크기.obj에 이미 정의되어 있습니다.
     1>2-6 정적 변수의 사용.obj : error LNK2005: _main이(가) 2-2 자료형의 크기.obj에 이미 정의되어 있습니다.
     1>2-7 상수 사용 예제.obj : error LNK2005: _main이(가) 2-2 자료형의 크기.obj에 이미 정의되어 있습니다.
     1>C:\Users\USER\Documents\GitHub\Cpp_Class\Debug\2_DataTypeAndVariable.exe : fatal error LNK1169: 여러 번 정의된 기호가 있습니다.
     1>"C:\Users\USER\Documents\GitHub\Cpp_Class\2_DataTypeAndVariable\2_DataTypeAndVariable.vcxproj" 프로젝트를 빌드했습니다(Build 대상). - 실패

빌드하지 못했습니다.

경과 시간: 00:00:04.29
