빌드 시작: 2017-09-11 오후 11:15:00
     1>3 노드의 "C:\Users\USER\Documents\GitHub\Cpp_Class\5_Program Configuration\5_Program Configuration.vcxproj" 프로젝트(Build 대상)입니다.
     1>ClCompile:
         C:\Program Files (x86)\Microsoft Visual Studio 12.0\VC\bin\CL.exe /c /ZI /nologo /W3 /WX- /Od /Oy- /D WIN32 /D _DEBUG /D _CONSOLE /D _LIB /D _UNICODE /D UNICODE /Gm /EHsc /RTC1 /MDd /GS /fp:precise /Zc:wchar_t /Zc:forScope /Fo"Debug\\" /Fd"Debug\vc120.pdb" /Gd /TP /analyze- /errorReport:prompt "5-1 조건문을 활용한 메뉴 선택.cpp" "5-2 switch문으로 변경한 메뉴 선택.cpp" "5-3 for 루프를 이용한 덧셈.cpp" "5-4 for루프를 이용한 구구단.cpp" "5-5 while루프를 이용한 구구단 출력.cpp" "5-6 1-9단까지만 출력하는 구구단.cpp" "5-7 do~while문 예제.cpp" "isalpha를 이용한 알파벳 입출력.cpp" "isalpha를 이용한 알파벳 입출력2.cpp" "나르시소스수.cpp" "블록.cpp" "소수.cpp" "알파벳 대문자 출력.cpp" "알파벳 대소문자 변환 출력.cpp" "알파벳 입력-숫자 출력.cpp" "완전수.cpp" "월급계산.cpp" "이중for문-알파벳 출력.cpp" "이중for문.cpp" "절댓값.cpp"
         절댓값.cpp
         이중for문.cpp
         이중for문-알파벳 출력.cpp
         월급계산.cpp
         완전수.cpp
         알파벳 입력-숫자 출력.cpp
         알파벳 대소문자 변환 출력.cpp
         알파벳 대문자 출력.cpp
         소수.cpp
         블록.cpp
         나르시소스수.cpp
         isalpha를 이용한 알파벳 입출력2.cpp
         isalpha를 이용한 알파벳 입출력.cpp
         5-7 do~while문 예제.cpp
         5-6 1-9단까지만 출력하는 구구단.cpp
         5-5 while루프를 이용한 구구단 출력.cpp
         5-4 for루프를 이용한 구구단.cpp
         5-3 for 루프를 이용한 덧셈.cpp
         5-2 switch문으로 변경한 메뉴 선택.cpp
         5-1 조건문을 활용한 메뉴 선택.cpp
         코드를 생성하고 있습니다...
       Link:
         C:\Program Files (x86)\Microsoft Visual Studio 12.0\VC\bin\link.exe /ERRORREPORT:PROMPT /OUT:"C:\Users\USER\Documents\GitHub\Cpp_Class\Debug\5_Program Configuration.exe" /INCREMENTAL /NOLOGO kernel32.lib user32.lib gdi32.lib winspool.lib comdlg32.lib advapi32.lib shell32.lib ole32.lib oleaut32.lib uuid.lib odbc32.lib odbccp32.lib /MANIFEST /MANIFESTUAC:"level='asInvoker' uiAccess='false'" /manifest:embed /DEBUG /PDB:"C:\Users\USER\Documents\GitHub\Cpp_Class\Debug\5_Program Configuration.pdb" /SUBSYSTEM:CONSOLE /TLBID:1 /DYNAMICBASE /NXCOMPAT /IMPLIB:"C:\Users\USER\Documents\GitHub\Cpp_Class\Debug\5_Program Configuration.lib" /MACHINE:X86 "Debug\5-1 조건문을 활용한 메뉴 선택.obj"
         "Debug\5-2 switch문으로 변경한 메뉴 선택.obj"
         "Debug\5-3 for 루프를 이용한 덧셈.obj"
         "Debug\5-4 for루프를 이용한 구구단.obj"
         "Debug\5-5 while루프를 이용한 구구단 출력.obj"
         "Debug\5-6 1-9단까지만 출력하는 구구단.obj"
         "Debug\5-7 do~while문 예제.obj"
         "Debug\isalpha를 이용한 알파벳 입출력.obj"
         "Debug\isalpha를 이용한 알파벳 입출력2.obj"
         "Debug\나르시소스수.obj"
         "Debug\블록.obj"
         "Debug\소수.obj"
         "Debug\알파벳 대문자 출력.obj"
         "Debug\알파벳 대소문자 변환 출력.obj"
         "Debug\알파벳 입력-숫자 출력.obj"
         "Debug\완전수.obj"
         "Debug\월급계산.obj"
         "Debug\이중for문-알파벳 출력.obj"
         "Debug\이중for문.obj"
         "Debug\절댓값.obj"
     1>5-2 switch문으로 변경한 메뉴 선택.obj : error LNK2005: _main이(가) 5-1 조건문을 활용한 메뉴 선택.obj에 이미 정의되어 있습니다.
     1>5-3 for 루프를 이용한 덧셈.obj : error LNK2005: _main이(가) 5-1 조건문을 활용한 메뉴 선택.obj에 이미 정의되어 있습니다.
     1>5-4 for루프를 이용한 구구단.obj : error LNK2005: _main이(가) 5-1 조건문을 활용한 메뉴 선택.obj에 이미 정의되어 있습니다.
     1>5-5 while루프를 이용한 구구단 출력.obj : error LNK2005: _main이(가) 5-1 조건문을 활용한 메뉴 선택.obj에 이미 정의되어 있습니다.
     1>5-6 1-9단까지만 출력하는 구구단.obj : error LNK2005: _main이(가) 5-1 조건문을 활용한 메뉴 선택.obj에 이미 정의되어 있습니다.
     1>5-7 do~while문 예제.obj : error LNK2005: _main이(가) 5-1 조건문을 활용한 메뉴 선택.obj에 이미 정의되어 있습니다.
     1>isalpha를 이용한 알파벳 입출력.obj : error LNK2005: _main이(가) 5-1 조건문을 활용한 메뉴 선택.obj에 이미 정의되어 있습니다.
     1>isalpha를 이용한 알파벳 입출력2.obj : error LNK2005: _main이(가) 5-1 조건문을 활용한 메뉴 선택.obj에 이미 정의되어 있습니다.
     1>나르시소스수.obj : error LNK2005: _main이(가) 5-1 조건문을 활용한 메뉴 선택.obj에 이미 정의되어 있습니다.
     1>블록.obj : error LNK2005: _main이(가) 5-1 조건문을 활용한 메뉴 선택.obj에 이미 정의되어 있습니다.
     1>소수.obj : error LNK2005: _main이(가) 5-1 조건문을 활용한 메뉴 선택.obj에 이미 정의되어 있습니다.
     1>알파벳 대문자 출력.obj : error LNK2005: _main이(가) 5-1 조건문을 활용한 메뉴 선택.obj에 이미 정의되어 있습니다.
     1>알파벳 대소문자 변환 출력.obj : error LNK2005: _main이(가) 5-1 조건문을 활용한 메뉴 선택.obj에 이미 정의되어 있습니다.
     1>알파벳 입력-숫자 출력.obj : error LNK2005: _main이(가) 5-1 조건문을 활용한 메뉴 선택.obj에 이미 정의되어 있습니다.
     1>완전수.obj : error LNK2005: _main이(가) 5-1 조건문을 활용한 메뉴 선택.obj에 이미 정의되어 있습니다.
     1>월급계산.obj : error LNK2005: _main이(가) 5-1 조건문을 활용한 메뉴 선택.obj에 이미 정의되어 있습니다.
     1>이중for문-알파벳 출력.obj : error LNK2005: _main이(가) 5-1 조건문을 활용한 메뉴 선택.obj에 이미 정의되어 있습니다.
     1>이중for문.obj : error LNK2005: _main이(가) 5-1 조건문을 활용한 메뉴 선택.obj에 이미 정의되어 있습니다.
     1>절댓값.obj : error LNK2005: _main이(가) 5-1 조건문을 활용한 메뉴 선택.obj에 이미 정의되어 있습니다.
     1>C:\Users\USER\Documents\GitHub\Cpp_Class\Debug\5_Program Configuration.exe : fatal error LNK1169: 여러 번 정의된 기호가 있습니다.
     1>"C:\Users\USER\Documents\GitHub\Cpp_Class\5_Program Configuration\5_Program Configuration.vcxproj" 프로젝트를 빌드했습니다(Build 대상). - 실패

빌드하지 못했습니다.

경과 시간: 00:00:10.61
